Started GET "/" for ::1 at 2018-03-14 16:43:40 +0800
Processing by Rails::WelcomeController#index as HTML
  Rendering /Users/zhenyuanliu/.rvm/gems/ruby-2.4.3/gems/railties-5.1.5/lib/rails/templates/rails/welcome/index.html.erb
  Rendered /Users/zhenyuanliu/.rvm/gems/ruby-2.4.3/gems/railties-5.1.5/lib/rails/templates/rails/welcome/index.html.erb (2.4ms)
Completed 200 OK in 133ms (Views: 7.5ms)


Started GET "/" for ::1 at 2018-03-14 16:51:50 +0800
Processing by Rails::WelcomeController#index as HTML
  Rendering /Users/zhenyuanliu/.rvm/gems/ruby-2.4.3/gems/railties-5.1.5/lib/rails/templates/rails/welcome/index.html.erb
  Rendered /Users/zhenyuanliu/.rvm/gems/ruby-2.4.3/gems/railties-5.1.5/lib/rails/templates/rails/welcome/index.html.erb (2.7ms)
Completed 200 OK in 172ms (Views: 7.9ms)


Started GET "/" for ::1 at 2018-03-14 16:51:52 +0800
Processing by Rails::WelcomeController#index as HTML
  Rendering /Users/zhenyuanliu/.rvm/gems/ruby-2.4.3/gems/railties-5.1.5/lib/rails/templates/rails/welcome/index.html.erb
  Rendered /Users/zhenyuanliu/.rvm/gems/ruby-2.4.3/gems/railties-5.1.5/lib/rails/templates/rails/welcome/index.html.erb (2.0ms)
Completed 200 OK in 8ms (Views: 5.2ms)


Started GET "/" for ::1 at 2018-03-14 16:55:30 +0800
Processing by AppComponent::WelcomeController#index as HTML
  Rendering components/app_component/app/views/app_component/welcome/index.html.erb within layouts/app_component/application
  Rendered components/app_component/app/views/app_component/welcome/index.html.erb within layouts/app_component/application (0.9ms)
Completed 200 OK in 336ms (Views: 161.3ms)


Started GET "/" for ::1 at 2018-03-14 16:55:58 +0800
Processing by AppComponent::WelcomeController#index as HTML
  Rendering components/app_component/app/views/app_component/welcome/index.html.erb within layouts/app_component/application
  Rendered components/app_component/app/views/app_component/welcome/index.html.erb within layouts/app_component/application (0.7ms)
Completed 200 OK in 318ms (Views: 189.9ms)


  [1m[35m (0.1ms)[0m  [1m[34mSELECT sqlite_version(*)[0m
  [1m[35m (1.1ms)[0m  [1m[35mCREATE TABLE "schema_migrations" ("version" varchar NOT NULL PRIMARY KEY)[0m
  [1m[35m (1.0ms)[0m  [1m[35mCREATE TABLE "ar_internal_metadata" ("key" varchar NOT NULL PRIMARY KEY, "value" varchar, "created_at" datetime NOT NULL, "updated_at" datetime NOT NULL)[0m
  [1m[35m (0.5ms)[0m  [1m[34mSELECT "schema_migrations"."version" FROM "schema_migrations" ORDER BY "schema_migrations"."version" ASC[0m
Migrating to CreateAppComponentTeams (20180314102517)
  [1m[35m (0.1ms)[0m  [1m[36mbegin transaction[0m
  [1m[35m (0.4ms)[0m  [1m[35mCREATE TABLE "app_component_teams" ("id" INTEGER PRIMARY KEY AUTOINCREMENT NOT NULL, "name" varchar, "created_at" datetime NOT NULL, "updated_at" datetime NOT NULL)[0m
  [1m[35mSQL (0.2ms)[0m  [1m[32mINSERT INTO "schema_migrations" ("version") VALUES (?)[0m  [["version", "20180314102517"]]
  [1m[35m (0.8ms)[0m  [1m[36mcommit transaction[0m
Migrating to CreateAppComponentGames (20180314102623)
  [1m[35m (0.5ms)[0m  [1m[36mbegin transaction[0m
  [1m[35m (0.4ms)[0m  [1m[35mCREATE TABLE "app_component_games" ("id" INTEGER PRIMARY KEY AUTOINCREMENT NOT NULL, "date" datetime, "location" varchar, "first_team_id" integer, "second_team_id" integer, "winning_team" integer, "first_team_score" integer, "second_team_score" integer, "created_at" datetime NOT NULL, "updated_at" datetime NOT NULL)[0m
  [1m[35mSQL (0.1ms)[0m  [1m[32mINSERT INTO "schema_migrations" ("version") VALUES (?)[0m  [["version", "20180314102623"]]
  [1m[35m (0.8ms)[0m  [1m[36mcommit transaction[0m
  [1m[36mActiveRecord::InternalMetadata Load (0.1ms)[0m  [1m[34mSELECT  "ar_internal_metadata".* FROM "ar_internal_metadata" WHERE "ar_internal_metadata"."key" = ? LIMIT ?[0m  [["key", "environment"], ["LIMIT", 1]]
  [1m[35m (0.0ms)[0m  [1m[36mbegin transaction[0m
  [1m[35mSQL (0.4ms)[0m  [1m[32mINSERT INTO "ar_internal_metadata" ("key", "value", "created_at", "updated_at") VALUES (?, ?, ?, ?)[0m  [["key", "environment"], ["value", "development"], ["created_at", "2018-03-14 10:34:16.417710"], ["updated_at", "2018-03-14 10:34:16.417710"]]
  [1m[35m (0.7ms)[0m  [1m[36mcommit transaction[0m
  [1m[35m (0.1ms)[0m  [1m[34mSELECT "schema_migrations"."version" FROM "schema_migrations" ORDER BY "schema_migrations"."version" ASC[0m
  [1m[35m (0.1ms)[0m  [1m[34mSELECT "schema_migrations"."version" FROM "schema_migrations" ORDER BY "schema_migrations"."version" ASC[0m
  [1m[35m (0.1ms)[0m  [1m[34mSELECT "schema_migrations"."version" FROM "schema_migrations" ORDER BY "schema_migrations"."version" ASC[0m
Migrating to CreateAppComponentGames (20180314102623)
  [1m[35m (0.0ms)[0m  [1m[36mbegin transaction[0m
  [1m[35m (1.2ms)[0m  [1m[35mDROP TABLE "app_component_games"[0m
  [1m[35mSQL (0.2ms)[0m  [1m[31mDELETE FROM "schema_migrations" WHERE "schema_migrations"."version" = ?[0m  [["version", "20180314102623"]]
  [1m[35m (0.8ms)[0m  [1m[36mcommit transaction[0m
  [1m[35m (0.1ms)[0m  [1m[34mSELECT "schema_migrations"."version" FROM "schema_migrations" ORDER BY "schema_migrations"."version" ASC[0m
  [1m[35m (0.1ms)[0m  [1m[34mSELECT "schema_migrations"."version" FROM "schema_migrations" ORDER BY "schema_migrations"."version" ASC[0m
  [1m[35m (0.1ms)[0m  [1m[34mSELECT "schema_migrations"."version" FROM "schema_migrations" ORDER BY "schema_migrations"."version" ASC[0m
Migrating to CreateAppComponentTeams (20180314102517)
  [1m[35m (0.0ms)[0m  [1m[36mbegin transaction[0m
  [1m[35m (0.5ms)[0m  [1m[35mDROP TABLE "app_component_teams"[0m
  [1m[35mSQL (0.1ms)[0m  [1m[31mDELETE FROM "schema_migrations" WHERE "schema_migrations"."version" = ?[0m  [["version", "20180314102517"]]
  [1m[35m (2.9ms)[0m  [1m[36mcommit transaction[0m
  [1m[35m (0.1ms)[0m  [1m[34mSELECT "schema_migrations"."version" FROM "schema_migrations" ORDER BY "schema_migrations"."version" ASC[0m
  [1m[35m (0.1ms)[0m  [1m[34mSELECT "schema_migrations"."version" FROM "schema_migrations" ORDER BY "schema_migrations"."version" ASC[0m
  [1m[35m (0.1ms)[0m  [1m[34mSELECT "schema_migrations"."version" FROM "schema_migrations" ORDER BY "schema_migrations"."version" ASC[0m
  [1m[35m (0.1ms)[0m  [1m[34mSELECT "schema_migrations"."version" FROM "schema_migrations" ORDER BY "schema_migrations"."version" ASC[0m
Migrating to CreateAppComponentTeams (20180314102517)
  [1m[35m (0.0ms)[0m  [1m[36mbegin transaction[0m
  [1m[35m (0.1ms)[0m  [1m[34mSELECT sqlite_version(*)[0m
  [1m[35m (0.4ms)[0m  [1m[35mCREATE TABLE "app_component_teams" ("id" INTEGER PRIMARY KEY AUTOINCREMENT NOT NULL, "name" varchar, "created_at" datetime NOT NULL, "updated_at" datetime NOT NULL)[0m
  [1m[35mSQL (0.2ms)[0m  [1m[32mINSERT INTO "schema_migrations" ("version") VALUES (?)[0m  [["version", "20180314102517"]]
  [1m[35m (2.8ms)[0m  [1m[36mcommit transaction[0m
Migrating to CreateAppComponentGames (20180314102623)
  [1m[35m (0.1ms)[0m  [1m[36mbegin transaction[0m
  [1m[35m (0.5ms)[0m  [1m[35mCREATE TABLE "app_component_games" ("id" INTEGER PRIMARY KEY AUTOINCREMENT NOT NULL, "date" datetime, "location" varchar, "first_team_id" integer, "second_team_id" integer, "winning_team" integer, "first_team_score" integer, "second_team_score" integer, "created_at" datetime NOT NULL, "updated_at" datetime NOT NULL)[0m
  [1m[35mSQL (0.2ms)[0m  [1m[32mINSERT INTO "schema_migrations" ("version") VALUES (?)[0m  [["version", "20180314102623"]]
  [1m[35m (0.9ms)[0m  [1m[36mcommit transaction[0m
  [1m[36mActiveRecord::InternalMetadata Load (0.3ms)[0m  [1m[34mSELECT  "ar_internal_metadata".* FROM "ar_internal_metadata" WHERE "ar_internal_metadata"."key" = ? LIMIT ?[0m  [["key", "environment"], ["LIMIT", 1]]
  [1m[35m (0.0ms)[0m  [1m[36mbegin transaction[0m
  [1m[35m (0.0ms)[0m  [1m[36mcommit transaction[0m
  [1m[35m (0.1ms)[0m  [1m[34mSELECT "schema_migrations"."version" FROM "schema_migrations" ORDER BY "schema_migrations"."version" ASC[0m
  [1m[35m (0.1ms)[0m  [1m[34mSELECT "schema_migrations"."version" FROM "schema_migrations" ORDER BY "schema_migrations"."version" ASC[0m
  [1m[35m (0.1ms)[0m  [1m[34mSELECT "schema_migrations"."version" FROM "schema_migrations" ORDER BY "schema_migrations"."version" ASC[0m
Migrating to CreateAppComponentGames (20180314102623)
  [1m[35m (0.0ms)[0m  [1m[36mbegin transaction[0m
  [1m[35m (0.5ms)[0m  [1m[35mDROP TABLE "app_component_games"[0m
  [1m[35mSQL (0.2ms)[0m  [1m[31mDELETE FROM "schema_migrations" WHERE "schema_migrations"."version" = ?[0m  [["version", "20180314102623"]]
  [1m[35m (2.7ms)[0m  [1m[36mcommit transaction[0m
  [1m[35m (0.2ms)[0m  [1m[34mSELECT "schema_migrations"."version" FROM "schema_migrations" ORDER BY "schema_migrations"."version" ASC[0m
  [1m[35m (0.1ms)[0m  [1m[34mSELECT "schema_migrations"."version" FROM "schema_migrations" ORDER BY "schema_migrations"."version" ASC[0m
  [1m[35m (0.1ms)[0m  [1m[34mSELECT "ar_internal_metadata"."value" FROM "ar_internal_metadata" WHERE "ar_internal_metadata"."key" = ?[0m  [["key", "environment"]]
  [1m[35m (0.1ms)[0m  [1m[34mSELECT "schema_migrations"."version" FROM "schema_migrations" ORDER BY "schema_migrations"."version" ASC[0m
  [1m[35m (0.1ms)[0m  [1m[34mSELECT "ar_internal_metadata"."value" FROM "ar_internal_metadata" WHERE "ar_internal_metadata"."key" = ?[0m  [["key", "environment"]]
  [1m[35m (0.1ms)[0m  [1m[34mSELECT "schema_migrations"."version" FROM "schema_migrations" ORDER BY "schema_migrations"."version" ASC[0m
  [1m[35m (0.1ms)[0m  [1m[34mSELECT "ar_internal_metadata"."value" FROM "ar_internal_metadata" WHERE "ar_internal_metadata"."key" = ?[0m  [["key", "environment"]]
  [1m[35m (0.1ms)[0m  [1m[34mSELECT sqlite_version(*)[0m
  [1m[35m (3.1ms)[0m  [1m[35mCREATE TABLE "schema_migrations" ("version" varchar NOT NULL PRIMARY KEY)[0m
  [1m[35m (1.2ms)[0m  [1m[35mCREATE TABLE "ar_internal_metadata" ("key" varchar NOT NULL PRIMARY KEY, "value" varchar, "created_at" datetime NOT NULL, "updated_at" datetime NOT NULL)[0m
  [1m[35m (0.1ms)[0m  [1m[34mSELECT "schema_migrations"."version" FROM "schema_migrations" ORDER BY "schema_migrations"."version" ASC[0m
Migrating to CreateAppComponentTeams (20180314102517)
  [1m[35m (0.0ms)[0m  [1m[36mbegin transaction[0m
  [1m[35m (0.4ms)[0m  [1m[35mCREATE TABLE "app_component_teams" ("id" INTEGER PRIMARY KEY AUTOINCREMENT NOT NULL, "name" varchar, "created_at" datetime NOT NULL, "updated_at" datetime NOT NULL)[0m
  [1m[35mSQL (0.2ms)[0m  [1m[32mINSERT INTO "schema_migrations" ("version") VALUES (?)[0m  [["version", "20180314102517"]]
  [1m[35m (1.0ms)[0m  [1m[36mcommit transaction[0m
Migrating to CreateAppComponentGames (20180314102623)
  [1m[35m (0.0ms)[0m  [1m[36mbegin transaction[0m
  [1m[35m (0.4ms)[0m  [1m[35mCREATE TABLE "app_component_games" ("id" INTEGER PRIMARY KEY AUTOINCREMENT NOT NULL, "date" datetime, "location" varchar, "first_team_id" integer, "second_team_id" integer, "winning_team" integer, "first_team_score" integer, "second_team_score" integer, "created_at" datetime NOT NULL, "updated_at" datetime NOT NULL)[0m
  [1m[35mSQL (0.1ms)[0m  [1m[32mINSERT INTO "schema_migrations" ("version") VALUES (?)[0m  [["version", "20180314102623"]]
  [1m[35m (0.8ms)[0m  [1m[36mcommit transaction[0m
  [1m[36mActiveRecord::InternalMetadata Load (0.1ms)[0m  [1m[34mSELECT  "ar_internal_metadata".* FROM "ar_internal_metadata" WHERE "ar_internal_metadata"."key" = ? LIMIT ?[0m  [["key", "environment"], ["LIMIT", 1]]
  [1m[35m (0.0ms)[0m  [1m[36mbegin transaction[0m
  [1m[35mSQL (0.3ms)[0m  [1m[32mINSERT INTO "ar_internal_metadata" ("key", "value", "created_at", "updated_at") VALUES (?, ?, ?, ?)[0m  [["key", "environment"], ["value", "development"], ["created_at", "2018-03-14 10:38:09.757194"], ["updated_at", "2018-03-14 10:38:09.757194"]]
  [1m[35m (0.8ms)[0m  [1m[36mcommit transaction[0m
  [1m[35m (0.1ms)[0m  [1m[34mSELECT "schema_migrations"."version" FROM "schema_migrations" ORDER BY "schema_migrations"."version" ASC[0m
  [1m[35m (0.2ms)[0m  [1m[34mSELECT "schema_migrations"."version" FROM "schema_migrations" ORDER BY "schema_migrations"."version" ASC[0m
  [1m[35m (0.1ms)[0m  [1m[34mSELECT "schema_migrations"."version" FROM "schema_migrations" ORDER BY "schema_migrations"."version" ASC[0m
Migrating to CreateAppComponentGames (20180314102623)
  [1m[35m (0.0ms)[0m  [1m[36mbegin transaction[0m
  [1m[35m (0.5ms)[0m  [1m[35mDROP TABLE "app_component_games"[0m
  [1m[35mSQL (0.1ms)[0m  [1m[31mDELETE FROM "schema_migrations" WHERE "schema_migrations"."version" = ?[0m  [["version", "20180314102623"]]
  [1m[35m (2.7ms)[0m  [1m[36mcommit transaction[0m
  [1m[35m (0.1ms)[0m  [1m[34mSELECT "schema_migrations"."version" FROM "schema_migrations" ORDER BY "schema_migrations"."version" ASC[0m
  [1m[35m (0.1ms)[0m  [1m[34mSELECT "schema_migrations"."version" FROM "schema_migrations" ORDER BY "schema_migrations"."version" ASC[0m
Migrating to CreateAppComponentGames (20180314102623)
  [1m[35m (0.0ms)[0m  [1m[36mbegin transaction[0m
  [1m[35m (0.1ms)[0m  [1m[34mSELECT sqlite_version(*)[0m
  [1m[35m (0.6ms)[0m  [1m[35mCREATE TABLE "app_component_games" ("id" INTEGER PRIMARY KEY AUTOINCREMENT NOT NULL, "date" datetime, "location" varchar, "first_team_id" integer, "second_team_id" integer, "winning_team" integer, "first_team_score" integer, "second_team_score" integer, "created_at" datetime NOT NULL, "updated_at" datetime NOT NULL)[0m
  [1m[35mSQL (0.2ms)[0m  [1m[32mINSERT INTO "schema_migrations" ("version") VALUES (?)[0m  [["version", "20180314102623"]]
  [1m[35m (2.6ms)[0m  [1m[36mcommit transaction[0m
  [1m[36mActiveRecord::InternalMetadata Load (0.2ms)[0m  [1m[34mSELECT  "ar_internal_metadata".* FROM "ar_internal_metadata" WHERE "ar_internal_metadata"."key" = ? LIMIT ?[0m  [["key", "environment"], ["LIMIT", 1]]
  [1m[35m (0.0ms)[0m  [1m[36mbegin transaction[0m
  [1m[35m (0.0ms)[0m  [1m[36mcommit transaction[0m
  [1m[35m (0.1ms)[0m  [1m[34mSELECT "schema_migrations"."version" FROM "schema_migrations" ORDER BY "schema_migrations"."version" ASC[0m
  [1m[35m (0.1ms)[0m  [1m[34mSELECT "schema_migrations"."version" FROM "schema_migrations" ORDER BY "schema_migrations"."version" ASC[0m
  [1m[35m (0.1ms)[0m  [1m[34mSELECT "ar_internal_metadata"."value" FROM "ar_internal_metadata" WHERE "ar_internal_metadata"."key" = ?[0m  [["key", "environment"]]
  [1m[35m (0.1ms)[0m  [1m[34mSELECT "schema_migrations"."version" FROM "schema_migrations" ORDER BY "schema_migrations"."version" ASC[0m
  [1m[35m (0.1ms)[0m  [1m[34mSELECT "ar_internal_metadata"."value" FROM "ar_internal_metadata" WHERE "ar_internal_metadata"."key" = ?[0m  [["key", "environment"]]
  [1m[35m (0.1ms)[0m  [1m[34mSELECT "schema_migrations"."version" FROM "schema_migrations" ORDER BY "schema_migrations"."version" ASC[0m
  [1m[35m (0.1ms)[0m  [1m[34mSELECT "ar_internal_metadata"."value" FROM "ar_internal_metadata" WHERE "ar_internal_metadata"."key" = ?[0m  [["key", "environment"]]
  [1m[35m (0.1ms)[0m  [1m[34mSELECT sqlite_version(*)[0m
  [1m[35m (3.3ms)[0m  [1m[35mCREATE TABLE "schema_migrations" ("version" varchar NOT NULL PRIMARY KEY)[0m
  [1m[35m (1.3ms)[0m  [1m[35mCREATE TABLE "ar_internal_metadata" ("key" varchar NOT NULL PRIMARY KEY, "value" varchar, "created_at" datetime NOT NULL, "updated_at" datetime NOT NULL)[0m
  [1m[36mActiveRecord::InternalMetadata Load (0.1ms)[0m  [1m[34mSELECT  "ar_internal_metadata".* FROM "ar_internal_metadata" WHERE "ar_internal_metadata"."key" = ? LIMIT ?[0m  [["key", "environment"], ["LIMIT", 1]]
  [1m[35m (0.0ms)[0m  [1m[36mbegin transaction[0m
  [1m[35mSQL (0.3ms)[0m  [1m[32mINSERT INTO "ar_internal_metadata" ("key", "value", "created_at", "updated_at") VALUES (?, ?, ?, ?)[0m  [["key", "environment"], ["value", "development"], ["created_at", "2018-03-14 10:39:19.586916"], ["updated_at", "2018-03-14 10:39:19.586916"]]
  [1m[35m (0.9ms)[0m  [1m[36mcommit transaction[0m
  [1m[35m (0.2ms)[0m  [1m[34mSELECT "schema_migrations"."version" FROM "schema_migrations" ORDER BY "schema_migrations"."version" ASC[0m
  [1m[35m (0.4ms)[0m  [1m[34mSELECT "schema_migrations"."version" FROM "schema_migrations" ORDER BY "schema_migrations"."version" ASC[0m
  [1m[35m (0.1ms)[0m  [1m[34mSELECT "schema_migrations"."version" FROM "schema_migrations" ORDER BY "schema_migrations"."version" ASC[0m
  [1m[35m (0.1ms)[0m  [1m[34mSELECT sqlite_version(*)[0m
  [1m[35m (1.3ms)[0m  [1m[35mCREATE TABLE "schema_migrations" ("version" varchar NOT NULL PRIMARY KEY)[0m
  [1m[35m (1.1ms)[0m  [1m[35mCREATE TABLE "ar_internal_metadata" ("key" varchar NOT NULL PRIMARY KEY, "value" varchar, "created_at" datetime NOT NULL, "updated_at" datetime NOT NULL)[0m
  [1m[35m (0.1ms)[0m  [1m[34mSELECT "schema_migrations"."version" FROM "schema_migrations" ORDER BY "schema_migrations"."version" ASC[0m
Migrating to CreateAppComponentTeams (20180314102517)
  [1m[35m (0.1ms)[0m  [1m[36mbegin transaction[0m
  [1m[35m (0.5ms)[0m  [1m[35mCREATE TABLE "app_component_teams" ("id" INTEGER PRIMARY KEY AUTOINCREMENT NOT NULL, "name" varchar, "created_at" datetime NOT NULL, "updated_at" datetime NOT NULL)[0m
  [1m[35mSQL (0.2ms)[0m  [1m[32mINSERT INTO "schema_migrations" ("version") VALUES (?)[0m  [["version", "20180314102517"]]
  [1m[35m (0.7ms)[0m  [1m[36mcommit transaction[0m
Migrating to CreateAppComponentGames (20180314102623)
  [1m[35m (0.0ms)[0m  [1m[36mbegin transaction[0m
  [1m[35m (0.4ms)[0m  [1m[35mCREATE TABLE "app_component_games" ("id" INTEGER PRIMARY KEY AUTOINCREMENT NOT NULL, "date" datetime, "location" varchar, "first_team_id" integer, "second_team_id" integer, "winning_team" integer, "first_team_score" integer, "second_team_score" integer, "created_at" datetime NOT NULL, "updated_at" datetime NOT NULL)[0m
  [1m[35mSQL (0.2ms)[0m  [1m[32mINSERT INTO "schema_migrations" ("version") VALUES (?)[0m  [["version", "20180314102623"]]
  [1m[35m (0.7ms)[0m  [1m[36mcommit transaction[0m
  [1m[36mActiveRecord::InternalMetadata Load (0.1ms)[0m  [1m[34mSELECT  "ar_internal_metadata".* FROM "ar_internal_metadata" WHERE "ar_internal_metadata"."key" = ? LIMIT ?[0m  [["key", "environment"], ["LIMIT", 1]]
  [1m[35m (0.1ms)[0m  [1m[36mbegin transaction[0m
  [1m[35mSQL (0.4ms)[0m  [1m[32mINSERT INTO "ar_internal_metadata" ("key", "value", "created_at", "updated_at") VALUES (?, ?, ?, ?)[0m  [["key", "environment"], ["value", "development"], ["created_at", "2018-03-14 10:39:58.302103"], ["updated_at", "2018-03-14 10:39:58.302103"]]
  [1m[35m (0.7ms)[0m  [1m[36mcommit transaction[0m
  [1m[35m (0.3ms)[0m  [1m[34mSELECT "schema_migrations"."version" FROM "schema_migrations" ORDER BY "schema_migrations"."version" ASC[0m
Started GET "/" for ::1 at 2018-03-14 18:42:49 +0800
Processing by AppComponent::WelcomeController#index as HTML
  Rendering components/app_component/app/views/app_component/welcome/index.html.erb within layouts/app_component/application
  Rendered components/app_component/app/views/app_component/welcome/index.html.erb within layouts/app_component/application (1.3ms)
Completed 200 OK in 357ms (Views: 237.8ms)


Started GET "/" for ::1 at 2018-03-14 18:42:51 +0800
Processing by AppComponent::WelcomeController#index as HTML
  Rendering components/app_component/app/views/app_component/welcome/index.html.erb within layouts/app_component/application
  Rendered components/app_component/app/views/app_component/welcome/index.html.erb within layouts/app_component/application (0.4ms)
Completed 200 OK in 19ms (Views: 15.8ms)


Started GET "/" for ::1 at 2018-03-14 18:43:21 +0800
Processing by AppComponent::WelcomeController#index as HTML
  Rendering components/app_component/app/views/app_component/welcome/index.html.erb within layouts/app_component/application
  Rendered components/app_component/app/views/app_component/welcome/index.html.erb within layouts/app_component/application (0.3ms)
Completed 200 OK in 18ms (Views: 15.0ms)


Started GET "/games" for ::1 at 2018-03-14 18:44:00 +0800
Processing by AppComponent::GamesController#index as HTML
  Rendering components/app_component/app/views/app_component/games/index.html.erb within layouts/app_component/application
  [1m[36mAppComponent::Game Load (3.0ms)[0m  [1m[34mSELECT "app_component_games".* FROM "app_component_games"[0m
  Rendered components/app_component/app/views/app_component/games/index.html.erb within layouts/app_component/application (10.5ms)
Completed 200 OK in 63ms (Views: 26.0ms | ActiveRecord: 3.9ms)


Started GET "/games" for ::1 at 2018-03-14 18:46:04 +0800
Processing by AppComponent::GamesController#index as HTML
Started GET "/games" for ::1 at 2018-03-14 18:46:04 +0800
Processing by AppComponent::GamesController#index as HTML
  Rendering components/app_component/app/views/app_component/games/index.html.erb within layouts/app_component/application
  Rendering components/app_component/app/views/app_component/games/index.html.erb within layouts/app_component/application
  [1m[36mAppComponent::Game Load (1.3ms)[0m  [1m[34mSELECT "app_component_games".* FROM "app_component_games"[0m
  [1m[36mAppComponent::Game Load (0.1ms)[0m  [1m[34mSELECT "app_component_games".* FROM "app_component_games"[0m
  Rendered components/app_component/app/views/app_component/games/index.html.erb within layouts/app_component/application (10.3ms)
  Rendered components/app_component/app/views/app_component/games/index.html.erb within layouts/app_component/application (9.7ms)
Started GET "/games" for ::1 at 2018-03-14 18:46:04 +0800
Processing by AppComponent::GamesController#index as HTML
  Rendering components/app_component/app/views/app_component/games/index.html.erb within layouts/app_component/application
  [1m[36mAppComponent::Game Load (0.1ms)[0m  [1m[34mSELECT "app_component_games".* FROM "app_component_games"[0m
  Rendered components/app_component/app/views/app_component/games/index.html.erb within layouts/app_component/application (2.7ms)
Started GET "/games" for ::1 at 2018-03-14 18:46:04 +0800
Processing by AppComponent::GamesController#index as HTML
  Rendering components/app_component/app/views/app_component/games/index.html.erb within layouts/app_component/application
  [1m[36mAppComponent::Game Load (0.1ms)[0m  [1m[34mSELECT "app_component_games".* FROM "app_component_games"[0m
  Rendered components/app_component/app/views/app_component/games/index.html.erb within layouts/app_component/application (2.2ms)
Completed 200 OK in 37ms (Views: 32.4ms | ActiveRecord: 0.3ms)


Completed 200 OK in 85ms (Views: 79.7ms | ActiveRecord: 0.4ms)


Completed 200 OK in 415ms (Views: 411.3ms | ActiveRecord: 0.4ms)


Completed 200 OK in 598ms (Views: 417.5ms | ActiveRecord: 2.4ms)


Started GET "/games" for ::1 at 2018-03-14 18:46:04 +0800
Processing by AppComponent::GamesController#index as HTML
  Rendering components/app_component/app/views/app_component/games/index.html.erb within layouts/app_component/application
  [1m[36mAppComponent::Game Load (0.3ms)[0m  [1m[34mSELECT "app_component_games".* FROM "app_component_games"[0m
  Rendered components/app_component/app/views/app_component/games/index.html.erb within layouts/app_component/application (2.2ms)
Completed 200 OK in 25ms (Views: 21.9ms | ActiveRecord: 0.3ms)


Started GET "/games" for ::1 at 2018-03-14 18:46:05 +0800
Processing by AppComponent::GamesController#index as HTML
  Rendering components/app_component/app/views/app_component/games/index.html.erb within layouts/app_component/application
  [1m[36mAppComponent::Game Load (0.2ms)[0m  [1m[34mSELECT "app_component_games".* FROM "app_component_games"[0m
  Rendered components/app_component/app/views/app_component/games/index.html.erb within layouts/app_component/application (1.9ms)
Completed 200 OK in 20ms (Views: 17.3ms | ActiveRecord: 0.2ms)


Started GET "/games" for ::1 at 2018-03-14 18:46:05 +0800
Processing by AppComponent::GamesController#index as HTML
  Rendering components/app_component/app/views/app_component/games/index.html.erb within layouts/app_component/application
  [1m[36mAppComponent::Game Load (0.2ms)[0m  [1m[34mSELECT "app_component_games".* FROM "app_component_games"[0m
  Rendered components/app_component/app/views/app_component/games/index.html.erb within layouts/app_component/application (1.8ms)
Completed 200 OK in 21ms (Views: 17.8ms | ActiveRecord: 0.2ms)


Started GET "/games/new" for ::1 at 2018-03-14 18:46:06 +0800
Processing by AppComponent::GamesController#new as HTML
  Rendering components/app_component/app/views/app_component/games/new.html.erb within layouts/app_component/application
  Rendered components/app_component/app/views/app_component/games/_form.html.erb (22.1ms)
  Rendered components/app_component/app/views/app_component/games/new.html.erb within layouts/app_component/application (25.7ms)
Completed 200 OK in 53ms (Views: 42.2ms | ActiveRecord: 0.6ms)


Started GET "/games" for ::1 at 2018-03-14 18:46:10 +0800
Processing by AppComponent::GamesController#index as HTML
  Rendering components/app_component/app/views/app_component/games/index.html.erb within layouts/app_component/application
  [1m[36mAppComponent::Game Load (0.3ms)[0m  [1m[34mSELECT "app_component_games".* FROM "app_component_games"[0m
  Rendered components/app_component/app/views/app_component/games/index.html.erb within layouts/app_component/application (1.6ms)
Completed 200 OK in 21ms (Views: 17.0ms | ActiveRecord: 0.3ms)


Started GET "/games" for ::1 at 2018-03-14 18:48:30 +0800
Processing by AppComponent::GamesController#index as HTML
  Rendering components/app_component/app/views/app_component/games/index.html.erb within layouts/app_component/application
  [1m[36mAppComponent::Game Load (1.5ms)[0m  [1m[34mSELECT "app_component_games".* FROM "app_component_games"[0m
  Rendered components/app_component/app/views/app_component/games/index.html.erb within layouts/app_component/application (10.5ms)
Completed 200 OK in 428ms (Views: 207.4ms | ActiveRecord: 2.4ms)


Started GET "/games/new" for ::1 at 2018-03-14 18:48:32 +0800
Processing by AppComponent::GamesController#new as HTML
  Rendering components/app_component/app/views/app_component/games/new.html.erb within layouts/app_component/application
  Rendered components/app_component/app/views/app_component/games/_form.html.erb (21.9ms)
  Rendered components/app_component/app/views/app_component/games/new.html.erb within layouts/app_component/application (25.4ms)
Completed 200 OK in 70ms (Views: 56.5ms | ActiveRecord: 0.6ms)


Started GET "/games/new" for ::1 at 2018-03-14 18:48:34 +0800
Processing by AppComponent::GamesController#new as HTML
  Rendering components/app_component/app/views/app_component/games/new.html.erb within layouts/app_component/application
  Rendered components/app_component/app/views/app_component/games/_form.html.erb (5.2ms)
  Rendered components/app_component/app/views/app_component/games/new.html.erb within layouts/app_component/application (8.7ms)
Completed 200 OK in 29ms (Views: 26.3ms | ActiveRecord: 0.0ms)


Started GET "/" for ::1 at 2018-03-14 18:51:21 +0800
Processing by AppComponent::WelcomeController#index as HTML
  Rendering components/app_component/app/views/app_component/welcome/index.html.erb within layouts/app_component/application
  Rendered components/app_component/app/views/app_component/welcome/index.html.erb within layouts/app_component/application (0.8ms)
Completed 200 OK in 332ms (Views: 196.6ms)


Started GET "/" for ::1 at 2018-03-14 19:08:10 +0800
Processing by AppComponent::WelcomeController#index as HTML
  Rendering components/app_component/app/views/app_component/welcome/index.html.erb within layouts/app_component/application
  Rendered components/app_component/app/views/app_component/welcome/index.html.erb within layouts/app_component/application (1.3ms)
Completed 200 OK in 354ms (Views: 198.5ms)


Started GET "/" for ::1 at 2018-03-14 19:08:12 +0800
Processing by AppComponent::WelcomeController#index as HTML
  Rendering components/app_component/app/views/app_component/welcome/index.html.erb within layouts/app_component/application
  Rendered components/app_component/app/views/app_component/welcome/index.html.erb within layouts/app_component/application (0.3ms)
Completed 200 OK in 19ms (Views: 15.8ms)


Started GET "/" for ::1 at 2018-03-14 19:08:12 +0800
Processing by AppComponent::WelcomeController#index as HTML
  Rendering components/app_component/app/views/app_component/welcome/index.html.erb within layouts/app_component/application
  Rendered components/app_component/app/views/app_component/welcome/index.html.erb within layouts/app_component/application (0.3ms)
Completed 200 OK in 18ms (Views: 15.4ms)


Started GET "/" for ::1 at 2018-03-14 19:08:13 +0800
Processing by AppComponent::WelcomeController#index as HTML
  Rendering components/app_component/app/views/app_component/welcome/index.html.erb within layouts/app_component/application
  Rendered components/app_component/app/views/app_component/welcome/index.html.erb within layouts/app_component/application (0.4ms)
Completed 200 OK in 25ms (Views: 22.0ms)


Started GET "/" for ::1 at 2018-03-14 19:09:25 +0800
Processing by AppComponent::WelcomeController#index as HTML
Completed 406 Not Acceptable in 113ms


  
ActionController::UnknownFormat (AppComponent::WelcomeController#index is missing a template for this request format and variant.

request.formats: ["text/html"]
request.variant: []

NOTE! For XHR/Ajax or API requests, this action would normally respond with 204 No Content: an empty white screen. Since you're loading it in a web browser, we assume that you expected to actually render a template, not nothing, so we're showing an error to be extra-clear. If you expect 204 No Content, carry on. That's what you'll get from an XHR or API request. Give it a shot.):
  
actionpack (5.1.5) lib/action_controller/metal/implicit_render.rb:53:in `default_render'
actionpack (5.1.5) lib/action_controller/metal/basic_implicit_render.rb:4:in `block in send_action'
actionpack (5.1.5) lib/action_controller/metal/basic_implicit_render.rb:4:in `tap'
actionpack (5.1.5) lib/action_controller/metal/basic_implicit_render.rb:4:in `send_action'
actionpack (5.1.5) lib/abstract_controller/base.rb:186:in `process_action'
actionpack (5.1.5) lib/action_controller/metal/rendering.rb:30:in `process_action'
actionpack (5.1.5) lib/abstract_controller/callbacks.rb:20:in `block in process_action'
activesupport (5.1.5) lib/active_support/callbacks.rb:131:in `run_callbacks'
actionpack (5.1.5) lib/abstract_controller/callbacks.rb:19:in `process_action'
actionpack (5.1.5) lib/action_controller/metal/rescue.rb:20:in `process_action'
actionpack (5.1.5) lib/action_controller/metal/instrumentation.rb:32:in `block in process_action'
activesupport (5.1.5) lib/active_support/notifications.rb:166:in `block in instrument'
activesupport (5.1.5) lib/active_support/notifications/instrumenter.rb:21:in `instrument'
activesupport (5.1.5) lib/active_support/notifications.rb:166:in `instrument'
actionpack (5.1.5) lib/action_controller/metal/instrumentation.rb:30:in `process_action'
actionpack (5.1.5) lib/action_controller/metal/params_wrapper.rb:252:in `process_action'
activerecord (5.1.5) lib/active_record/railties/controller_runtime.rb:22:in `process_action'
actionpack (5.1.5) lib/abstract_controller/base.rb:124:in `process'
actionview (5.1.5) lib/action_view/rendering.rb:30:in `process'
actionpack (5.1.5) lib/action_controller/metal.rb:189:in `dispatch'
actionpack (5.1.5) lib/action_controller/metal.rb:253:in `dispatch'
actionpack (5.1.5) lib/action_dispatch/routing/route_set.rb:49:in `dispatch'
actionpack (5.1.5) lib/action_dispatch/routing/route_set.rb:31:in `serve'
actionpack (5.1.5) lib/action_dispatch/journey/router.rb:50:in `block in serve'
actionpack (5.1.5) lib/action_dispatch/journey/router.rb:33:in `each'
actionpack (5.1.5) lib/action_dispatch/journey/router.rb:33:in `serve'
actionpack (5.1.5) lib/action_dispatch/routing/route_set.rb:844:in `call'
railties (5.1.5) lib/rails/engine.rb:522:in `call'
railties (5.1.5) lib/rails/railtie.rb:185:in `public_send'
railties (5.1.5) lib/rails/railtie.rb:185:in `method_missing'
actionpack (5.1.5) lib/action_dispatch/routing/mapper.rb:17:in `block in <class:Constraints>'
actionpack (5.1.5) lib/action_dispatch/routing/mapper.rb:46:in `serve'
actionpack (5.1.5) lib/action_dispatch/journey/router.rb:50:in `block in serve'
actionpack (5.1.5) lib/action_dispatch/journey/router.rb:33:in `each'
actionpack (5.1.5) lib/action_dispatch/journey/router.rb:33:in `serve'
actionpack (5.1.5) lib/action_dispatch/routing/route_set.rb:844:in `call'
rack (2.0.4) lib/rack/etag.rb:25:in `call'
rack (2.0.4) lib/rack/conditional_get.rb:25:in `call'
rack (2.0.4) lib/rack/head.rb:12:in `call'
rack (2.0.4) lib/rack/session/abstract/id.rb:232:in `context'
rack (2.0.4) lib/rack/session/abstract/id.rb:226:in `call'
actionpack (5.1.5) lib/action_dispatch/middleware/cookies.rb:613:in `call'
activerecord (5.1.5) lib/active_record/migration.rb:556:in `call'
actionpack (5.1.5) lib/action_dispatch/middleware/callbacks.rb:26:in `block in call'
activesupport (5.1.5) lib/active_support/callbacks.rb:97:in `run_callbacks'
actionpack (5.1.5) lib/action_dispatch/middleware/callbacks.rb:24:in `call'
actionpack (5.1.5) lib/action_dispatch/middleware/executor.rb:12:in `call'
actionpack (5.1.5) lib/action_dispatch/middleware/debug_exceptions.rb:59:in `call'
web-console (3.5.1) lib/web_console/middleware.rb:135:in `call_app'
web-console (3.5.1) lib/web_console/middleware.rb:28:in `block in call'
web-console (3.5.1) lib/web_console/middleware.rb:18:in `catch'
web-console (3.5.1) lib/web_console/middleware.rb:18:in `call'
actionpack (5.1.5) lib/action_dispatch/middleware/show_exceptions.rb:31:in `call'
railties (5.1.5) lib/rails/rack/logger.rb:36:in `call_app'
railties (5.1.5) lib/rails/rack/logger.rb:24:in `block in call'
activesupport (5.1.5) lib/active_support/tagged_logging.rb:69:in `block in tagged'
activesupport (5.1.5) lib/active_support/tagged_logging.rb:26:in `tagged'
activesupport (5.1.5) lib/active_support/tagged_logging.rb:69:in `tagged'
railties (5.1.5) lib/rails/rack/logger.rb:24:in `call'
sprockets-rails (3.2.1) lib/sprockets/rails/quiet_assets.rb:13:in `call'
actionpack (5.1.5) lib/action_dispatch/middleware/remote_ip.rb:79:in `call'
actionpack (5.1.5) lib/action_dispatch/middleware/request_id.rb:25:in `call'
rack (2.0.4) lib/rack/method_override.rb:22:in `call'
rack (2.0.4) lib/rack/runtime.rb:22:in `call'
activesupport (5.1.5) lib/active_support/cache/strategy/local_cache_middleware.rb:27:in `call'
actionpack (5.1.5) lib/action_dispatch/middleware/executor.rb:12:in `call'
actionpack (5.1.5) lib/action_dispatch/middleware/static.rb:125:in `call'
rack (2.0.4) lib/rack/sendfile.rb:111:in `call'
railties (5.1.5) lib/rails/engine.rb:522:in `call'
puma (3.11.3) lib/puma/configuration.rb:225:in `call'
puma (3.11.3) lib/puma/server.rb:624:in `handle_request'
puma (3.11.3) lib/puma/server.rb:438:in `process_client'
puma (3.11.3) lib/puma/server.rb:302:in `block in run'
puma (3.11.3) lib/puma/thread_pool.rb:120:in `block in spawn_thread'
Started GET "/" for ::1 at 2018-03-14 19:10:55 +0800
Processing by AppComponent::WelcomeController#index as HTML
Completed 406 Not Acceptable in 114ms


  
ActionController::UnknownFormat (AppComponent::WelcomeController#index is missing a template for this request format and variant.

request.formats: ["text/html"]
request.variant: []

NOTE! For XHR/Ajax or API requests, this action would normally respond with 204 No Content: an empty white screen. Since you're loading it in a web browser, we assume that you expected to actually render a template, not nothing, so we're showing an error to be extra-clear. If you expect 204 No Content, carry on. That's what you'll get from an XHR or API request. Give it a shot.):
  
actionpack (5.1.5) lib/action_controller/metal/implicit_render.rb:53:in `default_render'
actionpack (5.1.5) lib/action_controller/metal/basic_implicit_render.rb:4:in `block in send_action'
actionpack (5.1.5) lib/action_controller/metal/basic_implicit_render.rb:4:in `tap'
actionpack (5.1.5) lib/action_controller/metal/basic_implicit_render.rb:4:in `send_action'
actionpack (5.1.5) lib/abstract_controller/base.rb:186:in `process_action'
actionpack (5.1.5) lib/action_controller/metal/rendering.rb:30:in `process_action'
actionpack (5.1.5) lib/abstract_controller/callbacks.rb:20:in `block in process_action'
activesupport (5.1.5) lib/active_support/callbacks.rb:131:in `run_callbacks'
actionpack (5.1.5) lib/abstract_controller/callbacks.rb:19:in `process_action'
actionpack (5.1.5) lib/action_controller/metal/rescue.rb:20:in `process_action'
actionpack (5.1.5) lib/action_controller/metal/instrumentation.rb:32:in `block in process_action'
activesupport (5.1.5) lib/active_support/notifications.rb:166:in `block in instrument'
activesupport (5.1.5) lib/active_support/notifications/instrumenter.rb:21:in `instrument'
activesupport (5.1.5) lib/active_support/notifications.rb:166:in `instrument'
actionpack (5.1.5) lib/action_controller/metal/instrumentation.rb:30:in `process_action'
actionpack (5.1.5) lib/action_controller/metal/params_wrapper.rb:252:in `process_action'
activerecord (5.1.5) lib/active_record/railties/controller_runtime.rb:22:in `process_action'
actionpack (5.1.5) lib/abstract_controller/base.rb:124:in `process'
actionview (5.1.5) lib/action_view/rendering.rb:30:in `process'
actionpack (5.1.5) lib/action_controller/metal.rb:189:in `dispatch'
actionpack (5.1.5) lib/action_controller/metal.rb:253:in `dispatch'
actionpack (5.1.5) lib/action_dispatch/routing/route_set.rb:49:in `dispatch'
actionpack (5.1.5) lib/action_dispatch/routing/route_set.rb:31:in `serve'
actionpack (5.1.5) lib/action_dispatch/journey/router.rb:50:in `block in serve'
actionpack (5.1.5) lib/action_dispatch/journey/router.rb:33:in `each'
actionpack (5.1.5) lib/action_dispatch/journey/router.rb:33:in `serve'
actionpack (5.1.5) lib/action_dispatch/routing/route_set.rb:844:in `call'
railties (5.1.5) lib/rails/engine.rb:522:in `call'
railties (5.1.5) lib/rails/railtie.rb:185:in `public_send'
railties (5.1.5) lib/rails/railtie.rb:185:in `method_missing'
actionpack (5.1.5) lib/action_dispatch/routing/mapper.rb:17:in `block in <class:Constraints>'
actionpack (5.1.5) lib/action_dispatch/routing/mapper.rb:46:in `serve'
actionpack (5.1.5) lib/action_dispatch/journey/router.rb:50:in `block in serve'
actionpack (5.1.5) lib/action_dispatch/journey/router.rb:33:in `each'
actionpack (5.1.5) lib/action_dispatch/journey/router.rb:33:in `serve'
actionpack (5.1.5) lib/action_dispatch/routing/route_set.rb:844:in `call'
rack (2.0.4) lib/rack/etag.rb:25:in `call'
rack (2.0.4) lib/rack/conditional_get.rb:25:in `call'
rack (2.0.4) lib/rack/head.rb:12:in `call'
rack (2.0.4) lib/rack/session/abstract/id.rb:232:in `context'
rack (2.0.4) lib/rack/session/abstract/id.rb:226:in `call'
actionpack (5.1.5) lib/action_dispatch/middleware/cookies.rb:613:in `call'
activerecord (5.1.5) lib/active_record/migration.rb:556:in `call'
actionpack (5.1.5) lib/action_dispatch/middleware/callbacks.rb:26:in `block in call'
activesupport (5.1.5) lib/active_support/callbacks.rb:97:in `run_callbacks'
actionpack (5.1.5) lib/action_dispatch/middleware/callbacks.rb:24:in `call'
actionpack (5.1.5) lib/action_dispatch/middleware/executor.rb:12:in `call'
actionpack (5.1.5) lib/action_dispatch/middleware/debug_exceptions.rb:59:in `call'
web-console (3.5.1) lib/web_console/middleware.rb:135:in `call_app'
web-console (3.5.1) lib/web_console/middleware.rb:28:in `block in call'
web-console (3.5.1) lib/web_console/middleware.rb:18:in `catch'
web-console (3.5.1) lib/web_console/middleware.rb:18:in `call'
actionpack (5.1.5) lib/action_dispatch/middleware/show_exceptions.rb:31:in `call'
railties (5.1.5) lib/rails/rack/logger.rb:36:in `call_app'
railties (5.1.5) lib/rails/rack/logger.rb:24:in `block in call'
activesupport (5.1.5) lib/active_support/tagged_logging.rb:69:in `block in tagged'
activesupport (5.1.5) lib/active_support/tagged_logging.rb:26:in `tagged'
activesupport (5.1.5) lib/active_support/tagged_logging.rb:69:in `tagged'
railties (5.1.5) lib/rails/rack/logger.rb:24:in `call'
sprockets-rails (3.2.1) lib/sprockets/rails/quiet_assets.rb:13:in `call'
actionpack (5.1.5) lib/action_dispatch/middleware/remote_ip.rb:79:in `call'
actionpack (5.1.5) lib/action_dispatch/middleware/request_id.rb:25:in `call'
rack (2.0.4) lib/rack/method_override.rb:22:in `call'
rack (2.0.4) lib/rack/runtime.rb:22:in `call'
activesupport (5.1.5) lib/active_support/cache/strategy/local_cache_middleware.rb:27:in `call'
actionpack (5.1.5) lib/action_dispatch/middleware/executor.rb:12:in `call'
actionpack (5.1.5) lib/action_dispatch/middleware/static.rb:125:in `call'
rack (2.0.4) lib/rack/sendfile.rb:111:in `call'
railties (5.1.5) lib/rails/engine.rb:522:in `call'
puma (3.11.3) lib/puma/configuration.rb:225:in `call'
puma (3.11.3) lib/puma/server.rb:624:in `handle_request'
puma (3.11.3) lib/puma/server.rb:438:in `process_client'
puma (3.11.3) lib/puma/server.rb:302:in `block in run'
puma (3.11.3) lib/puma/thread_pool.rb:120:in `block in spawn_thread'
Started GET "/" for ::1 at 2018-03-14 19:11:08 +0800
Processing by AppComponent::WelcomeController#index as HTML
  Rendering components/app_component/app/views/app_component/welcome/index.html.slim within layouts/app_component/application
  Rendered components/app_component/app/views/app_component/welcome/index.html.slim within layouts/app_component/application (12.6ms)
Completed 200 OK in 393ms (Views: 268.4ms)


Started GET "/" for ::1 at 2018-03-14 19:11:22 +0800
Processing by AppComponent::WelcomeController#index as HTML
  Rendering components/app_component/app/views/app_component/welcome/index.html.slim within layouts/app_component/application
  Rendered components/app_component/app/views/app_component/welcome/index.html.slim within layouts/app_component/application (2.2ms)
Completed 200 OK in 21ms (Views: 18.0ms)


Started GET "/" for ::1 at 2018-03-14 19:11:39 +0800
Processing by AppComponent::WelcomeController#index as HTML
  Rendering components/app_component/app/views/app_component/welcome/index.html.slim within layouts/app_component/application
  Rendered components/app_component/app/views/app_component/welcome/index.html.slim within layouts/app_component/application (2.4ms)
Completed 200 OK in 22ms (Views: 19.3ms)


Started GET "/" for ::1 at 2018-03-14 19:12:20 +0800
Processing by AppComponent::WelcomeController#index as HTML
  Rendering components/app_component/app/views/app_component/welcome/index.html.slim within layouts/app_component/application
  Rendered components/app_component/app/views/app_component/welcome/index.html.slim within layouts/app_component/application (2.2ms)
Completed 200 OK in 21ms (Views: 17.4ms)


Started GET "/" for ::1 at 2018-03-15 09:10:53 +0800
Processing by AppComponent::WelcomeController#index as HTML
  Rendering components/app_component/app/views/app_component/welcome/index.html.slim within layouts/app_component/application
  Rendered components/app_component/app/views/app_component/welcome/index.html.slim within layouts/app_component/application (9.1ms)
Completed 200 OK in 440ms (Views: 279.2ms)


Started GET "/" for ::1 at 2018-03-15 09:10:54 +0800
Processing by AppComponent::WelcomeController#index as HTML
  Rendering components/app_component/app/views/app_component/welcome/index.html.slim within layouts/app_component/application
  Rendered components/app_component/app/views/app_component/welcome/index.html.slim within layouts/app_component/application (2.4ms)
Completed 200 OK in 23ms (Views: 19.1ms)


Started GET "/" for ::1 at 2018-03-15 09:10:54 +0800
Processing by AppComponent::WelcomeController#index as HTML
  Rendering components/app_component/app/views/app_component/welcome/index.html.slim within layouts/app_component/application
  Rendered components/app_component/app/views/app_component/welcome/index.html.slim within layouts/app_component/application (2.4ms)
Completed 200 OK in 23ms (Views: 19.1ms)


Started GET "/" for ::1 at 2018-03-15 09:10:54 +0800
Processing by AppComponent::WelcomeController#index as HTML
  Rendering components/app_component/app/views/app_component/welcome/index.html.slim within layouts/app_component/application
  Rendered components/app_component/app/views/app_component/welcome/index.html.slim within layouts/app_component/application (2.4ms)
Completed 200 OK in 23ms (Views: 18.8ms)


Started GET "/" for ::1 at 2018-03-15 09:10:54 +0800
Processing by AppComponent::WelcomeController#index as HTML
  Rendering components/app_component/app/views/app_component/welcome/index.html.slim within layouts/app_component/application
  Rendered components/app_component/app/views/app_component/welcome/index.html.slim within layouts/app_component/application (3.0ms)
Completed 200 OK in 23ms (Views: 19.8ms)


Started GET "/" for ::1 at 2018-03-15 09:10:55 +0800
Processing by AppComponent::WelcomeController#index as HTML
  Rendering components/app_component/app/views/app_component/welcome/index.html.slim within layouts/app_component/application
  Rendered components/app_component/app/views/app_component/welcome/index.html.slim within layouts/app_component/application (2.7ms)
Completed 200 OK in 24ms (Views: 20.7ms)


Started GET "/" for ::1 at 2018-03-15 09:10:55 +0800
Processing by AppComponent::WelcomeController#index as HTML
  Rendering components/app_component/app/views/app_component/welcome/index.html.slim within layouts/app_component/application
  Rendered components/app_component/app/views/app_component/welcome/index.html.slim within layouts/app_component/application (2.3ms)
Completed 200 OK in 22ms (Views: 19.2ms)


Started GET "/" for ::1 at 2018-03-15 09:11:21 +0800
Processing by AppComponent::WelcomeController#index as HTML
  Rendering components/app_component/app/views/app_component/welcome/index.html.slim within layouts/app_component/application
  Rendered components/app_component/app/views/app_component/welcome/index.html.slim within layouts/app_component/application (2.7ms)
Completed 200 OK in 21ms (Views: 18.2ms)


  [1m[35m (2.0ms)[0m  [1m[34mSELECT "schema_migrations"."version" FROM "schema_migrations" ORDER BY "schema_migrations"."version" ASC[0m
  [1m[36mActiveRecord::InternalMetadata Load (0.6ms)[0m  [1m[34mSELECT  "ar_internal_metadata".* FROM "ar_internal_metadata" WHERE "ar_internal_metadata"."key" = ? LIMIT ?[0m  [["key", "environment"], ["LIMIT", 1]]
  [1m[35m (0.0ms)[0m  [1m[36mbegin transaction[0m
  [1m[35m (0.0ms)[0m  [1m[36mcommit transaction[0m
  [1m[35m (0.1ms)[0m  [1m[34mSELECT "schema_migrations"."version" FROM "schema_migrations" ORDER BY "schema_migrations"."version" ASC[0m
  [1m[35m (0.1ms)[0m  [1m[34mSELECT "schema_migrations"."version" FROM "schema_migrations" ORDER BY "schema_migrations"."version" ASC[0m
  [1m[35m (0.1ms)[0m  [1m[34mSELECT "ar_internal_metadata"."value" FROM "ar_internal_metadata" WHERE "ar_internal_metadata"."key" = ?[0m  [["key", "environment"]]
  [1m[35m (0.1ms)[0m  [1m[34mSELECT "schema_migrations"."version" FROM "schema_migrations" ORDER BY "schema_migrations"."version" ASC[0m
  [1m[35m (0.1ms)[0m  [1m[34mSELECT "ar_internal_metadata"."value" FROM "ar_internal_metadata" WHERE "ar_internal_metadata"."key" = ?[0m  [["key", "environment"]]
  [1m[35m (0.1ms)[0m  [1m[34mSELECT "schema_migrations"."version" FROM "schema_migrations" ORDER BY "schema_migrations"."version" ASC[0m
  [1m[35m (0.1ms)[0m  [1m[34mSELECT "ar_internal_metadata"."value" FROM "ar_internal_metadata" WHERE "ar_internal_metadata"."key" = ?[0m  [["key", "environment"]]
  [1m[35m (0.1ms)[0m  [1m[35mDROP TABLE IF EXISTS "app_component_games"[0m
  [1m[35m (0.1ms)[0m  [1m[34mSELECT sqlite_version(*)[0m
  [1m[35m (1.4ms)[0m  [1m[35mCREATE TABLE "app_component_games" ("id" INTEGER PRIMARY KEY AUTOINCREMENT NOT NULL, "date" datetime, "location" varchar, "first_team_id" integer, "second_team_id" integer, "winning_team" integer, "first_team_score" integer, "second_team_score" integer, "created_at" datetime NOT NULL, "updated_at" datetime NOT NULL)[0m
  [1m[35m (0.1ms)[0m  [1m[35mDROP TABLE IF EXISTS "app_component_teams"[0m
  [1m[35m (2.6ms)[0m  [1m[35mCREATE TABLE "app_component_teams" ("id" INTEGER PRIMARY KEY AUTOINCREMENT NOT NULL, "name" varchar, "created_at" datetime NOT NULL, "updated_at" datetime NOT NULL)[0m
  [1m[35m (1.0ms)[0m  [1m[35mCREATE TABLE "schema_migrations" ("version" varchar NOT NULL PRIMARY KEY)[0m
  [1m[35m (0.1ms)[0m  [1m[34mSELECT "schema_migrations"."version" FROM "schema_migrations" ORDER BY "schema_migrations"."version" ASC[0m
  [1m[35m (0.9ms)[0m  [1m[32mINSERT INTO "schema_migrations" (version) VALUES (20180314102623)[0m
  [1m[35m (0.9ms)[0m  [1m[32mINSERT INTO "schema_migrations" (version) VALUES
(20180314102517);

[0m
  [1m[35m (0.9ms)[0m  [1m[35mCREATE TABLE "ar_internal_metadata" ("key" varchar NOT NULL PRIMARY KEY, "value" varchar, "created_at" datetime NOT NULL, "updated_at" datetime NOT NULL)[0m
  [1m[36mActiveRecord::InternalMetadata Load (0.1ms)[0m  [1m[34mSELECT  "ar_internal_metadata".* FROM "ar_internal_metadata" WHERE "ar_internal_metadata"."key" = ? LIMIT ?[0m  [["key", "environment"], ["LIMIT", 1]]
  [1m[35m (0.0ms)[0m  [1m[36mbegin transaction[0m
  [1m[35mSQL (0.3ms)[0m  [1m[32mINSERT INTO "ar_internal_metadata" ("key", "value", "created_at", "updated_at") VALUES (?, ?, ?, ?)[0m  [["key", "environment"], ["value", "development"], ["created_at", "2018-03-15 04:16:31.056840"], ["updated_at", "2018-03-15 04:16:31.056840"]]
  [1m[35m (1.0ms)[0m  [1m[36mcommit transaction[0m
  [1m[36mActiveRecord::InternalMetadata Load (0.1ms)[0m  [1m[34mSELECT  "ar_internal_metadata".* FROM "ar_internal_metadata" WHERE "ar_internal_metadata"."key" = ? LIMIT ?[0m  [["key", "environment"], ["LIMIT", 1]]
  [1m[35m (0.1ms)[0m  [1m[36mbegin transaction[0m
  [1m[35mSQL (0.3ms)[0m  [1m[33mUPDATE "ar_internal_metadata" SET "value" = ?, "updated_at" = ? WHERE "ar_internal_metadata"."key" = ?[0m  [["value", "test"], ["updated_at", "2018-03-15 04:16:31.065028"], ["key", "environment"]]
  [1m[35m (1.1ms)[0m  [1m[36mcommit transaction[0m
  [1m[35m (0.1ms)[0m  [1m[34mSELECT "schema_migrations"."version" FROM "schema_migrations" ORDER BY "schema_migrations"."version" ASC[0m
  [1m[36mActiveRecord::InternalMetadata Load (0.1ms)[0m  [1m[34mSELECT  "ar_internal_metadata".* FROM "ar_internal_metadata" WHERE "ar_internal_metadata"."key" = ? LIMIT ?[0m  [["key", "environment"], ["LIMIT", 1]]
  [1m[35m (0.1ms)[0m  [1m[36mbegin transaction[0m
  [1m[35m (0.1ms)[0m  [1m[36mcommit transaction[0m
  [1m[35m (0.1ms)[0m  [1m[34mSELECT "schema_migrations"."version" FROM "schema_migrations" ORDER BY "schema_migrations"."version" ASC[0m
Started GET "/" for ::1 at 2018-03-15 12:56:19 +0800
Processing by AppComponent::WelcomeController#index as HTML
  Rendering components/app_component/app/views/app_component/welcome/index.html.slim within layouts/app_component/application
  Rendered components/app_component/app/views/app_component/welcome/index.html.slim within layouts/app_component/application (8.8ms)
Started GET "/" for ::1 at 2018-03-15 12:56:19 +0800
Processing by AppComponent::WelcomeController#index as HTML
  Rendering components/app_component/app/views/app_component/welcome/index.html.slim within layouts/app_component/application
  Rendered components/app_component/app/views/app_component/welcome/index.html.slim within layouts/app_component/application (2.4ms)
Completed 200 OK in 120ms (Views: 116.4ms)


Completed 200 OK in 503ms (Views: 365.8ms)


Started GET "/" for ::1 at 2018-03-15 12:56:19 +0800
Processing by AppComponent::WelcomeController#index as HTML
  Rendering components/app_component/app/views/app_component/welcome/index.html.slim within layouts/app_component/application
  Rendered components/app_component/app/views/app_component/welcome/index.html.slim within layouts/app_component/application (2.9ms)
Completed 200 OK in 24ms (Views: 20.4ms)


Started GET "/" for ::1 at 2018-03-15 14:39:56 +0800
Processing by AppComponent::WelcomeController#index as HTML
  Rendering components/app_component/app/views/app_component/welcome/index.html.slim within layouts/app_component/application
  Rendered components/app_component/app/views/app_component/welcome/index.html.slim within layouts/app_component/application (8.4ms)
Completed 200 OK in 398ms (Views: 271.9ms)


Started GET "/" for ::1 at 2018-03-15 14:53:05 +0800
Processing by AppComponent::WelcomeController#index as HTML
  Rendering components/app_component/app/views/app_component/welcome/index.html.slim within layouts/app_component/application
  Rendered components/app_component/app/views/app_component/welcome/index.html.slim within layouts/app_component/application (9.6ms)
Completed 200 OK in 513ms (Views: 268.6ms)


  [1m[35m (0.3ms)[0m  [1m[35mSET  @@SESSION.sql_mode = CONCAT(CONCAT(@@sql_mode, ',STRICT_ALL_TABLES'), ',NO_AUTO_VALUE_ON_ZERO'),  @@SESSION.sql_auto_is_null = 0, @@SESSION.wait_timeout = 2147483[0m
  [1m[35m (25.5ms)[0m  [1m[35mCREATE TABLE `schema_migrations` (`version` varchar(255) NOT NULL PRIMARY KEY) ENGINE=InnoDB[0m
  [1m[35m (17.1ms)[0m  [1m[35mCREATE TABLE `ar_internal_metadata` (`key` varchar(255) NOT NULL PRIMARY KEY, `value` varchar(255), `created_at` datetime NOT NULL, `updated_at` datetime NOT NULL) ENGINE=InnoDB[0m
  [1m[35m (0.3ms)[0m  [1m[34mSELECT GET_LOCK('3662404454176520955', 0)[0m
  [1m[35m (0.3ms)[0m  [1m[34mSELECT `schema_migrations`.`version` FROM `schema_migrations` ORDER BY `schema_migrations`.`version` ASC[0m
Migrating to CreateAppComponentTeams (20180314102517)
  [1m[35m (25.8ms)[0m  [1m[35mCREATE TABLE `app_component_teams` (`id` bigint NOT NULL AUTO_INCREMENT PRIMARY KEY, `name` varchar(255), `created_at` datetime NOT NULL, `updated_at` datetime NOT NULL) ENGINE=InnoDB[0m
  [1m[35m (0.2ms)[0m  [1m[35mBEGIN[0m
  [1m[35mSQL (0.7ms)[0m  [1m[32mINSERT INTO `schema_migrations` (`version`) VALUES ('20180314102517')[0m
  [1m[35m (0.6ms)[0m  [1m[35mCOMMIT[0m
Migrating to CreateAppComponentGames (20180314102623)
  [1m[35m (19.9ms)[0m  [1m[35mCREATE TABLE `app_component_games` (`id` bigint NOT NULL AUTO_INCREMENT PRIMARY KEY, `date` datetime, `location` varchar(255), `first_team_id` int, `second_team_id` int, `winning_team` int, `first_team_score` int, `second_team_score` int, `created_at` datetime NOT NULL, `updated_at` datetime NOT NULL) ENGINE=InnoDB[0m
  [1m[35m (0.2ms)[0m  [1m[35mBEGIN[0m
  [1m[35mSQL (0.3ms)[0m  [1m[32mINSERT INTO `schema_migrations` (`version`) VALUES ('20180314102623')[0m
  [1m[35m (0.3ms)[0m  [1m[35mCOMMIT[0m
  [1m[36mActiveRecord::InternalMetadata Load (0.2ms)[0m  [1m[34mSELECT  `ar_internal_metadata`.* FROM `ar_internal_metadata` WHERE `ar_internal_metadata`.`key` = 'environment' LIMIT 1[0m
  [1m[35m (0.2ms)[0m  [1m[35mBEGIN[0m
  [1m[35mSQL (0.3ms)[0m  [1m[32mINSERT INTO `ar_internal_metadata` (`key`, `value`, `created_at`, `updated_at`) VALUES ('environment', 'development', '2018-03-15 07:00:41', '2018-03-15 07:00:41')[0m
  [1m[35m (0.3ms)[0m  [1m[35mCOMMIT[0m
  [1m[35m (0.4ms)[0m  [1m[34mSELECT RELEASE_LOCK('3662404454176520955')[0m
  [1m[35m (0.2ms)[0m  [1m[34mSELECT `schema_migrations`.`version` FROM `schema_migrations` ORDER BY `schema_migrations`.`version` ASC[0m
  [1m[35m (0.3ms)[0m  [1m[35mSET  @@SESSION.sql_mode = CONCAT(CONCAT(@@sql_mode, ',STRICT_ALL_TABLES'), ',NO_AUTO_VALUE_ON_ZERO'),  @@SESSION.sql_auto_is_null = 0, @@SESSION.wait_timeout = 2147483[0m
  [1m[35m (0.2ms)[0m  [1m[34mSELECT GET_LOCK('3662404454176520955', 0)[0m
  [1m[35m (0.2ms)[0m  [1m[34mSELECT `schema_migrations`.`version` FROM `schema_migrations` ORDER BY `schema_migrations`.`version` ASC[0m
  [1m[36mActiveRecord::InternalMetadata Load (0.2ms)[0m  [1m[34mSELECT  `ar_internal_metadata`.* FROM `ar_internal_metadata` WHERE `ar_internal_metadata`.`key` = 'environment' LIMIT 1[0m
  [1m[35m (0.2ms)[0m  [1m[35mBEGIN[0m
  [1m[35m (0.2ms)[0m  [1m[35mCOMMIT[0m
  [1m[35m (0.2ms)[0m  [1m[34mSELECT RELEASE_LOCK('3662404454176520955')[0m
  [1m[35m (0.2ms)[0m  [1m[34mSELECT `schema_migrations`.`version` FROM `schema_migrations` ORDER BY `schema_migrations`.`version` ASC[0m
  [1m[35m (0.4ms)[0m  [1m[35mSET  @@SESSION.sql_mode = CONCAT(CONCAT(@@sql_mode, ',STRICT_ALL_TABLES'), ',NO_AUTO_VALUE_ON_ZERO'),  @@SESSION.sql_auto_is_null = 0, @@SESSION.wait_timeout = 2147483[0m
  [1m[36mAppComponent::Game Load (0.2ms)[0m  [1m[34mSELECT  `app_component_games`.* FROM `app_component_games` ORDER BY `app_component_games`.`id` ASC LIMIT 1[0m
Started GET "/" for ::1 at 2018-03-15 16:25:54 +0800
Processing by AppComponent::WelcomeController#index as HTML
  Rendering components/app_component/app/views/app_component/welcome/index.html.slim within layouts/app_component/application
  Rendered components/app_component/app/views/app_component/welcome/index.html.slim within layouts/app_component/application (9.8ms)
Completed 200 OK in 424ms (Views: 282.0ms)


Started GET "/" for ::1 at 2018-03-15 16:55:59 +0800
Processing by AppComponent::WelcomeController#index as HTML
  Rendering /Users/zhenyuanliu/GitHub/playground/sportsball/components/app_component/app/views/app_component/welcome/index.html.slim within layouts/app_component/application
  Rendered /Users/zhenyuanliu/GitHub/playground/sportsball/components/app_component/app/views/app_component/welcome/index.html.slim within layouts/app_component/application (8.4ms)
Completed 200 OK in 505ms (Views: 331.5ms)


Started GET "/" for ::1 at 2018-03-15 17:07:57 +0800
Processing by AppComponent::WelcomeController#index as HTML
  Rendering /Users/zhenyuanliu/GitHub/playground/sportsball/components/app_component/app/views/app_component/welcome/index.html.slim within layouts/app_component/application
  Rendered /Users/zhenyuanliu/GitHub/playground/sportsball/components/app_component/app/views/app_component/welcome/index.html.slim within layouts/app_component/application (8.7ms)
Completed 200 OK in 482ms (Views: 290.8ms)


